[11-Nov-2022 09:01:52 Europe/Paris] PHP Warning:  Undefined variable $scenarioId in /sites/ontomatchgame/www/web_main/php/getcompletions.php on line 63
[11-Nov-2022 09:01:52 Europe/Paris] PHP Warning:  Undefined variable $scenarioId in /sites/ontomatchgame/www/web_main/php/getcompletions.php on line 64
[11-Nov-2022 09:05:05 Europe/Paris] PHP Warning:  Undefined variable $connexion in /sites/ontomatchgame/www/web_main/php/getcompletions.php on line 25
[11-Nov-2022 09:05:05 Europe/Paris] PHP Fatal error:  Uncaught TypeError: mysqli_query(): Argument #1 ($mysql) must be of type mysqli, null given in /sites/ontomatchgame/www/web_main/php/getcompletions.php:70
Stack trace:
#0 /sites/ontomatchgame/www/web_main/php/getcompletions.php(70): mysqli_query()
#1 /sites/ontomatchgame/www/web_main/php/getcompletions.php(25): GetChapterID()
#2 {main}
  thrown in /sites/ontomatchgame/www/web_main/php/getcompletions.php on line 70
[11-Nov-2022 09:11:28 Europe/Paris] PHP Warning:  Undefined variable $connexion in /sites/ontomatchgame/www/web_main/php/getcompletions.php on line 21
[11-Nov-2022 09:11:28 Europe/Paris] PHP Fatal error:  Uncaught TypeError: mysqli_query(): Argument #1 ($mysql) must be of type mysqli, null given in /sites/ontomatchgame/www/web_main/php/getcompletions.php:66
Stack trace:
#0 /sites/ontomatchgame/www/web_main/php/getcompletions.php(66): mysqli_query()
#1 /sites/ontomatchgame/www/web_main/php/getcompletions.php(21): GetChapterID()
#2 {main}
  thrown in /sites/ontomatchgame/www/web_main/php/getcompletions.php on line 66
[11-Nov-2022 09:11:41 Europe/Paris] PHP Warning:  Undefined variable $connexion in /sites/ontomatchgame/www/web_main/php/getcompletions.php on line 21
[11-Nov-2022 09:11:41 Europe/Paris] PHP Fatal error:  Uncaught TypeError: mysqli_query(): Argument #1 ($mysql) must be of type mysqli, null given in /sites/ontomatchgame/www/web_main/php/getcompletions.php:66
Stack trace:
#0 /sites/ontomatchgame/www/web_main/php/getcompletions.php(66): mysqli_query()
#1 /sites/ontomatchgame/www/web_main/php/getcompletions.php(21): GetChapterID()
#2 {main}
  thrown in /sites/ontomatchgame/www/web_main/php/getcompletions.php on line 66
[11-Nov-2022 09:13:34 Europe/Paris] PHP Warning:  Undefined variable $connexion in /sites/ontomatchgame/www/web_main/php/getcompletions.php on line 21
[11-Nov-2022 09:13:34 Europe/Paris] PHP Fatal error:  Uncaught TypeError: mysqli_query(): Argument #1 ($mysql) must be of type mysqli, null given in /sites/ontomatchgame/www/web_main/php/getcompletions.php:68
Stack trace:
#0 /sites/ontomatchgame/www/web_main/php/getcompletions.php(68): mysqli_query()
#1 /sites/ontomatchgame/www/web_main/php/getcompletions.php(21): GetChapterID()
#2 {main}
  thrown in /sites/ontomatchgame/www/web_main/php/getcompletions.php on line 68
[11-Nov-2022 09:14:31 Europe/Paris] PHP Warning:  Undefined variable $connexion in /sites/ontomatchgame/www/web_main/php/getcompletions.php on line 22
[11-Nov-2022 09:14:31 Europe/Paris] PHP Fatal error:  Uncaught TypeError: mysqli_query(): Argument #1 ($mysql) must be of type mysqli, null given in /sites/ontomatchgame/www/web_main/php/getcompletions.php:69
Stack trace:
#0 /sites/ontomatchgame/www/web_main/php/getcompletions.php(69): mysqli_query()
#1 /sites/ontomatchgame/www/web_main/php/getcompletions.php(22): GetChapterID()
#2 {main}
  thrown in /sites/ontomatchgame/www/web_main/php/getcompletions.php on line 69
[11-Nov-2022 09:17:06 Europe/Paris] PHP Warning:  Undefined variable $connexion in /sites/ontomatchgame/www/web_main/php/getcompletions.php on line 22
[11-Nov-2022 09:17:06 Europe/Paris] PHP Fatal error:  Uncaught TypeError: mysqli_query(): Argument #1 ($mysql) must be of type mysqli, null given in /sites/ontomatchgame/www/web_main/php/getcompletions.php:69
Stack trace:
#0 /sites/ontomatchgame/www/web_main/php/getcompletions.php(69): mysqli_query()
#1 /sites/ontomatchgame/www/web_main/php/getcompletions.php(22): GetChapterID()
#2 {main}
  thrown in /sites/ontomatchgame/www/web_main/php/getcompletions.php on line 69
[11-Nov-2022 09:17:58 Europe/Paris] PHP Warning:  Undefined variable $connexion in /sites/ontomatchgame/www/web_main/php/getcompletions.php on line 22
[11-Nov-2022 09:17:58 Europe/Paris] PHP Fatal error:  Uncaught TypeError: mysqli_query(): Argument #1 ($mysql) must be of type mysqli, null given in /sites/ontomatchgame/www/web_main/php/getcompletions.php:69
Stack trace:
#0 /sites/ontomatchgame/www/web_main/php/getcompletions.php(69): mysqli_query()
#1 /sites/ontomatchgame/www/web_main/php/getcompletions.php(22): GetChapterID()
#2 {main}
  thrown in /sites/ontomatchgame/www/web_main/php/getcompletions.php on line 69
[11-Nov-2022 09:21:33 Europe/Paris] PHP Warning:  Undefined variable $connexion in /sites/ontomatchgame/www/web_main/php/getcompletions.php on line 24
[11-Nov-2022 09:21:33 Europe/Paris] PHP Fatal error:  Uncaught TypeError: mysqli_query(): Argument #1 ($mysql) must be of type mysqli, null given in /sites/ontomatchgame/www/web_main/php/getcompletions.php:75
Stack trace:
#0 /sites/ontomatchgame/www/web_main/php/getcompletions.php(75): mysqli_query()
#1 /sites/ontomatchgame/www/web_main/php/getcompletions.php(24): GetChapterID()
#2 {main}
  thrown in /sites/ontomatchgame/www/web_main/php/getcompletions.php on line 75
